<?xml version="1.0" encoding="UTF-8"?>
<testsuite name="com.BridgeLabz.moodAnalyser.MoodAnalyserTest" tests="2" skipped="0" failures="0" errors="0" timestamp="2020-04-19T15:45:54" hostname="rageshwari" time="0.019">
  <properties/>
  <testcase name="givenHappyMessge_whenGetMood_shouldReturnhappyMood" classname="com.BridgeLabz.moodAnalyser.MoodAnalyserTest" time="0.004"/>
  <testcase name="givenSadMessage_whenGetMood_ShouldReturnsadMood" classname="com.BridgeLabz.moodAnalyser.MoodAnalyserTest" time="0.002"/>
  <system-out><![CDATA[]]></system-out>
  <system-err><![CDATA[]]></system-err>
</testsuite>
